<?xml version="1.0" encoding="UTF-8"?>
<testsuite name="vendingmachine.ChangesModuleTest" tests="6" skipped="0" failures="0" errors="0" timestamp="2022-09-12T09:15:42" hostname="DESKTOP-O7PD96G" time="0.08">
  <properties/>
  <testcase name="자판기에 500원을 넣으면 500원이 들어있음을 알 수 있다" classname="vendingmachine.ChangesModuleTest" time="0.07"/>
  <testcase name="자판기에 1000원을 넣으면 1000원이 들어있음을 알 수 있다" classname="vendingmachine.ChangesModuleTest" time="0.001"/>
  <testcase name="_1000원이_들어있는_자판기에_500원을_넣으면_1500원이_들어있음을_알_수_있다()" classname="vendingmachine.ChangesModuleTest" time="0.001"/>
  <testcase name="_500원이_들어있는_자판기_500원을_차감하면_0원이_된다()" classname="vendingmachine.ChangesModuleTest" time="0.0"/>
  <testcase name="_0원이_들어있는_자판기_500원을_차감하면_차감_할_수_없다()" classname="vendingmachine.ChangesModuleTest" time="0.004"/>
  <testcase name="자판기_생성()" classname="vendingmachine.ChangesModuleTest" time="0.001"/>
  <system-out><![CDATA[]]></system-out>
  <system-err><![CDATA[]]></system-err>
</testsuite>
