<?xml version="1.0" encoding="UTF-8"?>
<testsuite name="vendingmachine.CoinSetTest" tests="5" skipped="0" failures="0" errors="0" timestamp="2022-09-12T09:15:42" hostname="DESKTOP-O7PD96G" time="0.007">
  <properties/>
  <testcase name="동전을_생성한다()" classname="vendingmachine.CoinSetTest" time="0.001"/>
  <testcase name="동전은 500원이 있다" classname="vendingmachine.CoinSetTest" time="0.001"/>
  <testcase name="동전은 100원이 있다" classname="vendingmachine.CoinSetTest" time="0.0"/>
  <testcase name="동전은 50원이 있다" classname="vendingmachine.CoinSetTest" time="0.0"/>
  <testcase name="동전은 10원이 있다" classname="vendingmachine.CoinSetTest" time="0.001"/>
  <system-out><![CDATA[]]></system-out>
  <system-err><![CDATA[]]></system-err>
</testsuite>
